Week1-workspace/WikiNotes/build/outputs/logs/manifest-merger-debug-report.txt
-- Merging decision tree log ---
manifest
ADDED from Week1-workspace\WikiNotes\AndroidManifest.xml:18:1-65:12
	package
		ADDED from Week1-workspace\WikiNotes\AndroidManifest.xml:19:5-43
	android:versionName
		ADDED from Week1-workspace\WikiNotes\AndroidManifest.xml:21:5-30
		INJECTED from Week1-workspace\WikiNotes\AndroidManifest.xml
		INJECTED from Week1-workspace\WikiNotes\AndroidManifest.xml
	android:versionCode
		ADDED from Week1-workspace\WikiNotes\AndroidManifest.xml:20:5-28
		INJECTED from Week1-workspace\WikiNotes\AndroidManifest.xml
		INJECTED from Week1-workspace\WikiNotes\AndroidManifest.xml
	xmlns:android
		ADDED from Week1-workspace\WikiNotes\AndroidManifest.xml:18:11-69
uses-sdk
ADDED from Week1-workspace\WikiNotes\AndroidManifest.xml:22:5-73
	android:targetSdkVersion
		ADDED from Week1-workspace\WikiNotes\AndroidManifest.xml:22:42-71
	android:minSdkVersion
		ADDED from Week1-workspace\WikiNotes\AndroidManifest.xml:22:15-41
application
ADDED from Week1-workspace\WikiNotes\AndroidManifest.xml:23:5-64:15
	android:label
		ADDED from Week1-workspace\WikiNotes\AndroidManifest.xml:23:48-73
	android:icon
		ADDED from Week1-workspace\WikiNotes\AndroidManifest.xml:23:18-47
meta-data#android.app.default_searchable
ADDED from Week1-workspace\WikiNotes\AndroidManifest.xml:24:9-98
	android:value
		ADDED from Week1-workspace\WikiNotes\AndroidManifest.xml:24:66-96
	android:name
		ADDED from Week1-workspace\WikiNotes\AndroidManifest.xml:24:20-65
provider#com.google.android.wikinotes.db.WikiNotesProvider
ADDED from Week1-workspace\WikiNotes\AndroidManifest.xml:25:9-26:83
	android:authorities
		ADDED from Week1-workspace\WikiNotes\AndroidManifest.xml:26:17-80
	android:name
		ADDED from Week1-workspace\WikiNotes\AndroidManifest.xml:25:19-83
activity#com.google.android.wikinotes.WikiNotes
ADDED from Week1-workspace\WikiNotes\AndroidManifest.xml:27:9-43:20
	android:label
		ADDED from Week1-workspace\WikiNotes\AndroidManifest.xml:27:44-76
	android:name
		ADDED from Week1-workspace\WikiNotes\AndroidManifest.xml:27:19-43
intent-filter#android.intent.action.MAIN+android.intent.category.LAUNCHER
ADDED from Week1-workspace\WikiNotes\AndroidManifest.xml:28:13-31:29
action#android.intent.action.MAIN
ADDED from Week1-workspace\WikiNotes\AndroidManifest.xml:29:17-69
	android:name
		ADDED from Week1-workspace\WikiNotes\AndroidManifest.xml:29:25-66
category#android.intent.category.LAUNCHER
ADDED from Week1-workspace\WikiNotes\AndroidManifest.xml:30:17-77
	android:name
		ADDED from Week1-workspace\WikiNotes\AndroidManifest.xml:30:27-74
intent-filter#android.intent.action.GET_CONTENT+android.intent.category.DEFAULT
ADDED from Week1-workspace\WikiNotes\AndroidManifest.xml:32:13-36:29
action#android.intent.action.GET_CONTENT
ADDED from Week1-workspace\WikiNotes\AndroidManifest.xml:33:17-76
	android:name
		ADDED from Week1-workspace\WikiNotes\AndroidManifest.xml:33:25-73
category#android.intent.category.DEFAULT
ADDED from Week1-workspace\WikiNotes\AndroidManifest.xml:34:17-76
	android:name
		ADDED from Week1-workspace\WikiNotes\AndroidManifest.xml:34:27-73
data
ADDED from Week1-workspace\WikiNotes\AndroidManifest.xml:35:17-88
	android:mimeType
		ADDED from Week1-workspace\WikiNotes\AndroidManifest.xml:35:23-85
intent-filter#android.intent.action.VIEW+android.intent.category.BROWSABLE+android.intent.category.DEFAULT
ADDED from Week1-workspace\WikiNotes\AndroidManifest.xml:37:13-42:29
action#android.intent.action.VIEW
ADDED from Week1-workspace\WikiNotes\AndroidManifest.xml:38:17-69
	android:name
		ADDED from Week1-workspace\WikiNotes\AndroidManifest.xml:38:25-66
category#android.intent.category.BROWSABLE
ADDED from Week1-workspace\WikiNotes\AndroidManifest.xml:40:17-78
	android:name
		ADDED from Week1-workspace\WikiNotes\AndroidManifest.xml:40:27-75
activity#com.google.android.wikinotes.WikiNoteEditor
ADDED from Week1-workspace\WikiNotes\AndroidManifest.xml:44:9-50:20
	android:name
		ADDED from Week1-workspace\WikiNotes\AndroidManifest.xml:44:19-48
intent-filter#android.intent.action.EDIT+android.intent.category.DEFAULT
ADDED from Week1-workspace\WikiNotes\AndroidManifest.xml:45:13-49:29
action#android.intent.action.EDIT
ADDED from Week1-workspace\WikiNotes\AndroidManifest.xml:46:17-69
	android:name
		ADDED from Week1-workspace\WikiNotes\AndroidManifest.xml:46:25-66
activity#com.google.android.wikinotes.WikiNotesList
ADDED from Week1-workspace\WikiNotes\AndroidManifest.xml:52:9-62:12
	android:launchMode
		ADDED from Week1-workspace\WikiNotes\AndroidManifest.xml:52:48-78
	android:name
		ADDED from Week1-workspace\WikiNotes\AndroidManifest.xml:52:19-47
intent-filter#android.intent.action.VIEW+android.intent.category.DEFAULT
ADDED from Week1-workspace\WikiNotes\AndroidManifest.xml:53:13-57:29
intent-filter#android.intent.action.SEARCH+android.intent.category.DEFAULT
ADDED from Week1-workspace\WikiNotes\AndroidManifest.xml:58:9-60:17
action#android.intent.action.SEARCH
ADDED from Week1-workspace\WikiNotes\AndroidManifest.xml:58:24-85
	android:name
		ADDED from Week1-workspace\WikiNotes\AndroidManifest.xml:58:32-75
meta-data#android.app.searchable
ADDED from Week1-workspace\WikiNotes\AndroidManifest.xml:61:1-97
	android:resource
		ADDED from Week1-workspace\WikiNotes\AndroidManifest.xml:61:50-84
	android:name
		ADDED from Week1-workspace\WikiNotes\AndroidManifest.xml:61:12-49